0 verbose cli [
0 verbose cli   'C:\\Program Files\\nodejs\\node.exe',
0 verbose cli   'C:\\Users\\my pc\\AppData\\Roaming\\npm\\node_modules\\npm\\bin\\npm-cli.js',
0 verbose cli   'install',
0 verbose cli   'tailwind-scrollbar-hide'
0 verbose cli ]
1 info using npm@8.4.0
2 info using node@v16.13.1
3 timing npm:load:whichnode Completed in 1ms
4 timing config:load:defaults Completed in 5ms
5 timing config:load:file:C:\Users\my pc\AppData\Roaming\npm\node_modules\npm\npmrc Completed in 9ms
6 timing config:load:builtin Completed in 10ms
7 timing config:load:cli Completed in 10ms
8 timing config:load:env Completed in 4ms
9 timing config:load:file:C:\Users\my pc\Desktop\movieapp_with_tailwindcss\.npmrc Completed in 0ms
10 timing config:load:project Completed in 3ms
11 timing config:load:file:C:\Users\my pc\.npmrc Completed in 1ms
12 timing config:load:user Completed in 1ms
13 timing config:load:file:C:\Users\my pc\AppData\Roaming\npm\etc\npmrc Completed in 1ms
14 timing config:load:global Completed in 1ms
15 timing config:load:validate Completed in 1ms
16 timing config:load:credentials Completed in 1ms
17 timing config:load:setEnvs Completed in 1ms
18 timing config:load Completed in 40ms
19 timing npm:load:configload Completed in 41ms
20 timing npm:load:setTitle Completed in 0ms
21 timing config:load:flatten Completed in 5ms
22 timing npm:load:display Completed in 8ms
23 verbose logfile C:\Users\my pc\Desktop\movieapp_with_tailwindcss\_logs\2022-02-25T10_49_01_548Z-debug-0.log
24 timing npm:load:logFile Completed in 20ms
25 timing npm:load:timers Completed in 0ms
26 timing npm:load:configScope Completed in 0ms
27 timing npm:load Completed in 71ms
28 timing arborist:ctor Completed in 1ms
29 silly logfile start cleaning logs, removing 1 files
30 timing idealTree:init Completed in 465ms
31 timing idealTree:userRequests Completed in 3ms
32 silly idealTree buildDeps
33 silly fetch manifest tailwind-scrollbar-hide@*
34 timing arborist:ctor Completed in 0ms
35 http fetch GET 200 https://registry.npmjs.org/tailwind-scrollbar-hide 2204ms (cache miss)
36 silly placeDep ROOT tailwind-scrollbar-hide@1.1.7 OK for:  want: *
37 timing idealTree:#root Completed in 2227ms
38 timing idealTree:node_modules/tailwind-scrollbar-hide Completed in 0ms
39 timing idealTree:buildDeps Completed in 2230ms
40 timing idealTree:fixDepFlags Completed in 12ms
41 timing idealTree Completed in 2724ms
42 timing reify:loadTrees Completed in 2726ms
43 timing reify:diffTrees Completed in 429ms
44 silly reify moves {}
45 timing reify:retireShallow Completed in 1ms
46 timing reify:createSparse Completed in 415ms
47 timing reify:loadBundles Completed in 0ms
48 silly audit bulk request {
48 silly audit   '@babel/code-frame': [ '7.16.7' ],
48 silly audit   '@babel/helper-validator-identifier': [ '7.16.7' ],
48 silly audit   '@babel/highlight': [ '7.16.10' ],
48 silly audit   'ansi-styles': [ '3.2.1', '4.3.0' ],
48 silly audit   chalk: [ '2.4.2', '4.1.2' ],
48 silly audit   'color-convert': [ '1.9.3', '2.0.1' ],
48 silly audit   'color-name': [ '1.1.3', '1.1.4' ],
48 silly audit   'escape-string-regexp': [ '1.0.5', '4.0.0' ],
48 silly audit   'has-flag': [ '3.0.0', '4.0.0' ],
48 silly audit   'supports-color': [ '5.5.0', '7.2.0' ],
48 silly audit   '@babel/runtime': [ '7.16.7' ],
48 silly audit   '@babel/runtime-corejs3': [ '7.16.8' ],
48 silly audit   '@emotion/hash': [ '0.8.0' ],
48 silly audit   '@eslint/eslintrc': [ '1.0.5' ],
48 silly audit   ignore: [ '4.0.6', '5.2.0' ],
48 silly audit   '@humanwhocodes/config-array': [ '0.9.3' ],
48 silly audit   '@humanwhocodes/object-schema': [ '1.2.1' ],
48 silly audit   '@material-ui/core': [ '4.12.3' ],
48 silly audit   '@material-ui/icons': [ '4.11.2' ],
48 silly audit   '@material-ui/styles': [ '4.11.4' ],
48 silly audit   '@material-ui/system': [ '4.12.1' ],
48 silly audit   '@material-ui/types': [ '5.1.0' ],
48 silly audit   '@material-ui/utils': [ '4.11.2' ],
48 silly audit   '@next/env': [ '12.0.10' ],
48 silly audit   '@next/eslint-plugin-next': [ '12.0.10' ],
48 silly audit   '@next/swc-android-arm64': [ '12.0.10' ],
48 silly audit   '@next/swc-darwin-arm64': [ '12.0.10' ],
48 silly audit   '@next/swc-darwin-x64': [ '12.0.10' ],
48 silly audit   '@next/swc-linux-arm-gnueabihf': [ '12.0.10' ],
48 silly audit   '@next/swc-linux-arm64-gnu': [ '12.0.10' ],
48 silly audit   '@next/swc-linux-arm64-musl': [ '12.0.10' ],
48 silly audit   '@next/swc-linux-x64-gnu': [ '12.0.10' ],
48 silly audit   '@next/swc-linux-x64-musl': [ '12.0.10' ],
48 silly audit   '@next/swc-win32-arm64-msvc': [ '12.0.10' ],
48 silly audit   '@next/swc-win32-ia32-msvc': [ '12.0.10' ],
48 silly audit   '@next/swc-win32-x64-msvc': [ '12.0.10' ],
48 silly audit   '@nodelib/fs.scandir': [ '2.1.5' ],
48 silly audit   '@nodelib/fs.stat': [ '2.0.5' ],
48 silly audit   '@nodelib/fs.walk': [ '1.2.8' ],
48 silly audit   '@rushstack/eslint-patch': [ '1.1.0' ],
48 silly audit   '@types/json5': [ '0.0.29' ],
48 silly audit   '@types/parse-json': [ '4.0.0' ],
48 silly audit   '@types/prop-types': [ '15.7.4' ],
48 silly audit   '@types/react': [ '17.0.39' ],
48 silly audit   '@types/react-transition-group': [ '4.4.4' ],
48 silly audit   csstype: [ '3.0.10', '2.6.19' ],
48 silly audit   '@types/scheduler': [ '0.16.2' ],
48 silly audit   '@typescript-eslint/parser': [ '5.10.2' ],
48 silly audit   '@typescript-eslint/scope-manager': [ '5.10.2' ],
48 silly audit   '@typescript-eslint/types': [ '5.10.2' ],
48 silly audit   '@typescript-eslint/typescript-estree': [ '5.10.2' ],
48 silly audit   '@typescript-eslint/visitor-keys': [ '5.10.2' ],
48 silly audit   acorn: [ '8.7.0', '7.4.1' ],
48 silly audit   'acorn-jsx': [ '5.3.2' ],
48 silly audit   'acorn-node': [ '1.8.2' ],
48 silly audit   'acorn-walk': [ '7.2.0' ],
48 silly audit   ajv: [ '6.12.6' ],
48 silly audit   'ansi-regex': [ '5.0.1' ],
48 silly audit   anymatch: [ '3.1.2' ],
48 silly audit   arg: [ '5.0.1' ],
48 silly audit   argparse: [ '2.0.1' ],
48 silly audit   'aria-query': [ '4.2.2' ],
48 silly audit   'array-includes': [ '3.1.4' ],
48 silly audit   'array-union': [ '2.1.0' ],
48 silly audit   'array.prototype.flat': [ '1.2.5' ],
48 silly audit   'array.prototype.flatmap': [ '1.2.5' ],
48 silly audit   'ast-types-flow': [ '0.0.7' ],
48 silly audit   autoprefixer: [ '10.4.2' ],
48 silly audit   'axe-core': [ '4.4.0' ],
48 silly audit   'axobject-query': [ '2.2.0' ],
48 silly audit   'balanced-match': [ '1.0.2' ],
48 silly audit   'binary-extensions': [ '2.2.0' ],
48 silly audit   'brace-expansion': [ '1.1.11' ],
48 silly audit   braces: [ '3.0.2' ],
48 silly audit   browserslist: [ '4.19.1' ],
48 silly audit   'call-bind': [ '1.0.2' ],
48 silly audit   callsites: [ '3.1.0' ],
48 silly audit   'camelcase-css': [ '2.0.1' ],
48 silly audit   'caniuse-lite': [ '1.0.30001305' ],
48 silly audit   chokidar: [ '3.5.3' ],
48 silly audit   'glob-parent': [ '5.1.2', '6.0.2' ],
48 silly audit   clsx: [ '1.1.1' ],
48 silly audit   'concat-map': [ '0.0.1' ],
48 silly audit   'core-js-pure': [ '3.21.0' ],
48 silly audit   cosmiconfig: [ '7.0.1' ],
48 silly audit   'cross-spawn': [ '7.0.3' ],
48 silly audit   'css-vendor': [ '2.0.8' ],
48 silly audit   cssesc: [ '3.0.0' ],
48 silly audit   'damerau-levenshtein': [ '1.0.8' ],
48 silly audit   debug: [ '4.3.3', '3.2.7', '2.6.9' ],
48 silly audit   'deep-is': [ '0.1.4' ],
48 silly audit   'define-properties': [ '1.1.3' ],
48 silly audit   defined: [ '1.0.0' ],
48 silly audit   detective: [ '5.2.0' ],
48 silly audit   didyoumean: [ '1.2.2' ],
48 silly audit   'dir-glob': [ '3.0.1' ],
48 silly audit   dlv: [ '1.1.3' ],
48 silly audit   doctrine: [ '3.0.0', '2.1.0' ],
48 silly audit   'dom-helpers': [ '5.2.1' ],
48 silly audit   'electron-to-chromium': [ '1.4.71' ],
48 silly audit   'emoji-regex': [ '9.2.2' ],
48 silly audit   'error-ex': [ '1.3.2' ],
48 silly audit   'es-abstract': [ '1.19.1' ],
48 silly audit   'es-to-primitive': [ '1.2.1' ],
48 silly audit   escalade: [ '3.1.1' ],
48 silly audit   eslint: [ '8.8.0' ],
48 silly audit   'eslint-config-next': [ '12.0.10' ],
48 silly audit   'eslint-import-resolver-node': [ '0.3.6' ],
48 silly audit   'eslint-import-resolver-typescript': [ '2.5.0' ],
48 silly audit   'eslint-module-utils': [ '2.7.3' ],
48 silly audit   'eslint-plugin-import': [ '2.25.4' ],
48 silly audit   ms: [ '2.0.0', '2.1.2' ],
48 silly audit   'eslint-plugin-jsx-a11y': [ '6.5.1' ],
48 silly audit   'eslint-plugin-react': [ '7.28.0' ],
48 silly audit   'eslint-plugin-react-hooks': [ '4.3.0' ],
48 silly audit   resolve: [ '2.0.0-next.3', '1.22.0' ],
48 silly audit   semver: [ '6.3.0', '7.3.5' ],
48 silly audit   'eslint-scope': [ '7.1.0' ],
48 silly audit   'eslint-utils': [ '3.0.0' ],
48 silly audit   'eslint-visitor-keys': [ '2.1.0', '3.2.0' ],
48 silly audit   espree: [ '9.3.0' ],
48 silly audit   esquery: [ '1.4.0' ],
48 silly audit   esrecurse: [ '4.3.0' ],
48 silly audit   estraverse: [ '5.3.0' ],
48 silly audit   esutils: [ '2.0.3' ],
48 silly audit   'fast-deep-equal': [ '3.1.3' ],
48 silly audit   'fast-glob': [ '3.2.11' ],
48 silly audit   'fast-json-stable-stringify': [ '2.1.0' ],
48 silly audit   'fast-levenshtein': [ '2.0.6' ],
48 silly audit   fastq: [ '1.13.0' ],
48 silly audit   'file-entry-cache': [ '6.0.1' ],
48 silly audit   'fill-range': [ '7.0.1' ],
48 silly audit   'find-up': [ '2.1.0' ],
48 silly audit   'flat-cache': [ '3.0.4' ],
48 silly audit   flatted: [ '3.2.5' ],
48 silly audit   'fraction.js': [ '4.1.3' ],
48 silly audit   'fs.realpath': [ '1.0.0' ],
48 silly audit   fsevents: [ '2.3.2' ],
48 silly audit   'function-bind': [ '1.1.1' ],
48 silly audit   'functional-red-black-tree': [ '1.0.1' ],
48 silly audit   'get-intrinsic': [ '1.1.1' ],
48 silly audit   'get-symbol-description': [ '1.0.0' ],
48 silly audit   glob: [ '7.1.7' ],
48 silly audit   globals: [ '13.12.0' ],
48 silly audit   globby: [ '11.1.0' ],
48 silly audit   has: [ '1.0.3' ],
48 silly audit   'has-bigints': [ '1.0.1' ],
48 silly audit   'has-symbols': [ '1.0.2' ],
48 silly audit   'has-tostringtag': [ '1.0.0' ],
48 silly audit   'hoist-non-react-statics': [ '3.3.2' ],
48 silly audit   'hyphenate-style-name': [ '1.0.4' ],
48 silly audit   'import-fresh': [ '3.3.0' ],
48 silly audit   imurmurhash: [ '0.1.4' ],
48 silly audit   inflight: [ '1.0.6' ],
48 silly audit   inherits: [ '2.0.4' ],
48 silly audit   'internal-slot': [ '1.0.3' ],
48 silly audit   'is-arrayish': [ '0.2.1' ],
48 silly audit   'is-bigint': [ '1.0.4' ],
48 silly audit   'is-binary-path': [ '2.1.0' ],
48 silly audit   'is-boolean-object': [ '1.1.2' ],
48 silly audit   'is-callable': [ '1.2.4' ],
48 silly audit   'is-core-module': [ '2.8.1' ],
48 silly audit   'is-date-object': [ '1.0.5' ],
48 silly audit   'is-extglob': [ '2.1.1' ],
48 silly audit   'is-glob': [ '4.0.3' ],
48 silly audit   'is-in-browser': [ '1.1.3' ],
48 silly audit   'is-negative-zero': [ '2.0.2' ],
48 silly audit   'is-number': [ '7.0.0' ],
48 silly audit   'is-number-object': [ '1.0.6' ],
48 silly audit   'is-regex': [ '1.1.4' ],
48 silly audit   'is-shared-array-buffer': [ '1.0.1' ],
48 silly audit   'is-string': [ '1.0.7' ],
48 silly audit   'is-symbol': [ '1.0.4' ],
48 silly audit   'is-weakref': [ '1.0.2' ],
48 silly audit   isexe: [ '2.0.0' ],
48 silly audit   'js-tokens': [ '4.0.0' ],
48 silly audit   'js-yaml': [ '4.1.0' ],
48 silly audit   'json-parse-even-better-errors': [ '2.3.1' ],
48 silly audit   'json-schema-traverse': [ '0.4.1' ],
48 silly audit   'json-stable-stringify-without-jsonify': [ '1.0.1' ],
48 silly audit   json5: [ '1.0.1' ],
48 silly audit   jss: [ '10.9.0' ],
48 silly audit   'jss-plugin-camel-case': [ '10.9.0' ],
48 silly audit   'jss-plugin-default-unit': [ '10.9.0' ],
48 silly audit   'jss-plugin-global': [ '10.9.0' ],
48 silly audit   'jss-plugin-nested': [ '10.9.0' ],
48 silly audit   'jss-plugin-props-sort': [ '10.9.0' ],
48 silly audit   'jss-plugin-rule-value-function': [ '10.9.0' ],
48 silly audit   'jss-plugin-vendor-prefixer': [ '10.9.0' ],
48 silly audit   'jsx-ast-utils': [ '3.2.1' ],
48 silly audit   'language-subtag-registry': [ '0.3.21' ],
48 silly audit   'language-tags': [ '1.0.5' ],
48 silly audit   levn: [ '0.4.1' ],
48 silly audit   lilconfig: [ '2.0.4' ],
48 silly audit   'lines-and-columns': [ '1.2.4' ],
48 silly audit   'locate-path': [ '2.0.0' ],
48 silly audit   'lodash.merge': [ '4.6.2' ],
48 silly audit   'loose-envify': [ '1.4.0' ],
48 silly audit   'lru-cache': [ '6.0.0' ],
48 silly audit   merge2: [ '1.4.1' ],
48 silly audit   micromatch: [ '4.0.4' ],
48 silly audit   minimatch: [ '3.0.4' ],
48 silly audit   minimist: [ '1.2.5' ],
48 silly audit   nanoid: [ '3.2.0' ],
48 silly audit   'natural-compare': [ '1.4.0' ],
48 silly audit   next: [ '12.0.10' ],
48 silly audit   postcss: [ '8.4.5', '8.4.6' ],
48 silly audit   'node-releases': [ '2.0.2' ],
48 silly audit   'normalize-path': [ '3.0.0' ],
48 silly audit   'normalize-range': [ '0.1.2' ],
48 silly audit   'object-assign': [ '4.1.1' ],
48 silly audit   'object-hash': [ '2.2.0' ],
48 silly audit   'object-inspect': [ '1.12.0' ],
48 silly audit   'object-keys': [ '1.1.1' ],
48 silly audit   'object.assign': [ '4.1.2' ],
48 silly audit   'object.entries': [ '1.1.5' ],
48 silly audit   'object.fromentries': [ '2.0.5' ],
48 silly audit   'object.hasown': [ '1.1.0' ],
48 silly audit   'object.values': [ '1.1.5' ],
48 silly audit   once: [ '1.4.0' ],
48 silly audit   optionator: [ '0.9.1' ],
48 silly audit   'p-limit': [ '1.3.0' ],
48 silly audit   'p-locate': [ '2.0.0' ],
48 silly audit   'p-try': [ '1.0.0' ],
48 silly audit   'parent-module': [ '1.0.1' ],
48 silly audit   'parse-json': [ '5.2.0' ],
48 silly audit   'path-exists': [ '3.0.0' ],
48 silly audit   'path-is-absolute': [ '1.0.1' ],
48 silly audit   'path-key': [ '3.1.1' ],
48 silly audit   'path-parse': [ '1.0.7' ],
48 silly audit   'path-type': [ '4.0.0' ],
48 silly audit   picocolors: [ '1.0.0' ],
48 silly audit   picomatch: [ '2.3.1' ],
48 silly audit   'popper.js': [ '1.16.1-lts' ],
48 silly audit   'postcss-js': [ '4.0.0' ],
48 silly audit   'postcss-load-config': [ '3.1.3' ],
48 silly audit   'postcss-nested': [ '5.0.6' ],
48 silly audit   'postcss-selector-parser': [ '6.0.9' ],
48 silly audit   'postcss-value-parser': [ '4.2.0' ],
48 silly audit   'prelude-ls': [ '1.2.1' ],
48 silly audit   'prop-types': [ '15.8.1' ],
48 silly audit   punycode: [ '2.1.1' ],
48 silly audit   'queue-microtask': [ '1.2.3' ],
48 silly audit   'quick-lru': [ '5.1.1' ],
48 silly audit   react: [ '17.0.2' ],
48 silly audit   'react-dom': [ '17.0.2' ],
48 silly audit   'react-is': [ '16.13.1' ],
48 silly audit   'react-transition-group': [ '4.4.2' ],
48 silly audit   readdirp: [ '3.6.0' ],
48 silly audit   'regenerator-runtime': [ '0.13.9' ],
48 silly audit   'regexp.prototype.flags': [ '1.4.1' ],
48 silly audit   regexpp: [ '3.2.0' ],
48 silly audit   'resolve-from': [ '4.0.0' ],
48 silly audit   reusify: [ '1.0.4' ],
48 silly audit   rimraf: [ '3.0.2' ],
48 silly audit   'run-parallel': [ '1.2.0' ],
48 silly audit   scheduler: [ '0.20.2' ],
48 silly audit   'shebang-command': [ '2.0.0' ],
48 silly audit   'shebang-regex': [ '3.0.0' ],
48 silly audit   'side-channel': [ '1.0.4' ],
48 silly audit   slash: [ '3.0.0' ],
48 silly audit   'source-map-js': [ '1.0.2' ],
48 silly audit   'string.prototype.matchall': [ '4.0.6' ],
48 silly audit   'string.prototype.trimend': [ '1.0.4' ],
48 silly audit   'string.prototype.trimstart': [ '1.0.4' ],
48 silly audit   'strip-ansi': [ '6.0.1' ],
48 silly audit   'strip-bom': [ '3.0.0' ],
48 silly audit   'strip-json-comments': [ '3.1.1' ],
48 silly audit   'styled-jsx': [ '5.0.0' ],
48 silly audit   'supports-preserve-symlinks-flag': [ '1.0.0' ],
48 silly audit   tailwindcss: [ '3.0.23' ],
48 silly audit   'text-table': [ '0.2.0' ],
48 silly audit   'tiny-warning': [ '1.0.3' ],
48 silly audit   'to-regex-range': [ '5.0.1' ],
48 silly audit   'tsconfig-paths': [ '3.12.0' ],
48 silly audit   tslib: [ '1.14.1' ],
48 silly audit   tsutils: [ '3.21.0' ],
48 silly audit   'type-check': [ '0.4.0' ],
48 silly audit   'type-fest': [ '0.20.2' ],
48 silly audit   typescript: [ '4.5.5' ],
48 silly audit   'unbox-primitive': [ '1.0.1' ],
48 silly audit   'uri-js': [ '4.4.1' ],
48 silly audit   'use-subscription': [ '1.5.1' ],
48 silly audit   'util-deprecate': [ '1.0.2' ],
48 silly audit   'v8-compile-cache': [ '2.3.0' ],
48 silly audit   which: [ '2.0.2' ],
48 silly audit   'which-boxed-primitive': [ '1.0.2' ],
48 silly audit   'word-wrap': [ '1.2.3' ],
48 silly audit   wrappy: [ '1.0.2' ],
48 silly audit   xtend: [ '4.0.2' ],
48 silly audit   yallist: [ '4.0.0' ],
48 silly audit   yaml: [ '1.10.2' ],
48 silly audit   'tailwind-scrollbar-hide': [ '1.1.7' ]
48 silly audit }
49 verbose reify failed optional dependency C:\Users\my pc\Desktop\movieapp_with_tailwindcss\node_modules\fsevents
50 silly reify mark deleted [
50 silly reify   'C:\\Users\\my pc\\Desktop\\movieapp_with_tailwindcss\\node_modules\\fsevents'
50 silly reify ]
51 verbose reify failed optional dependency C:\Users\my pc\Desktop\movieapp_with_tailwindcss\node_modules\@next\swc-win32-ia32-msvc
52 silly reify mark deleted [
52 silly reify   'C:\\Users\\my pc\\Desktop\\movieapp_with_tailwindcss\\node_modules\\@next\\swc-win32-ia32-msvc'
52 silly reify ]
53 verbose reify failed optional dependency C:\Users\my pc\Desktop\movieapp_with_tailwindcss\node_modules\@next\swc-win32-arm64-msvc
54 silly reify mark deleted [
54 silly reify   'C:\\Users\\my pc\\Desktop\\movieapp_with_tailwindcss\\node_modules\\@next\\swc-win32-arm64-msvc'
54 silly reify ]
55 verbose reify failed optional dependency C:\Users\my pc\Desktop\movieapp_with_tailwindcss\node_modules\@next\swc-linux-x64-musl
56 silly reify mark deleted [
56 silly reify   'C:\\Users\\my pc\\Desktop\\movieapp_with_tailwindcss\\node_modules\\@next\\swc-linux-x64-musl'
56 silly reify ]
57 verbose reify failed optional dependency C:\Users\my pc\Desktop\movieapp_with_tailwindcss\node_modules\@next\swc-linux-x64-gnu
58 silly reify mark deleted [
58 silly reify   'C:\\Users\\my pc\\Desktop\\movieapp_with_tailwindcss\\node_modules\\@next\\swc-linux-x64-gnu'
58 silly reify ]
59 verbose reify failed optional dependency C:\Users\my pc\Desktop\movieapp_with_tailwindcss\node_modules\@next\swc-linux-arm64-musl
60 silly reify mark deleted [
60 silly reify   'C:\\Users\\my pc\\Desktop\\movieapp_with_tailwindcss\\node_modules\\@next\\swc-linux-arm64-musl'
60 silly reify ]
61 verbose reify failed optional dependency C:\Users\my pc\Desktop\movieapp_with_tailwindcss\node_modules\@next\swc-linux-arm64-gnu
62 silly reify mark deleted [
62 silly reify   'C:\\Users\\my pc\\Desktop\\movieapp_with_tailwindcss\\node_modules\\@next\\swc-linux-arm64-gnu'
62 silly reify ]
63 verbose reify failed optional dependency C:\Users\my pc\Desktop\movieapp_with_tailwindcss\node_modules\@next\swc-linux-arm-gnueabihf
64 silly reify mark deleted [
64 silly reify   'C:\\Users\\my pc\\Desktop\\movieapp_with_tailwindcss\\node_modules\\@next\\swc-linux-arm-gnueabihf'
64 silly reify ]
65 verbose reify failed optional dependency C:\Users\my pc\Desktop\movieapp_with_tailwindcss\node_modules\@next\swc-darwin-x64
66 silly reify mark deleted [
66 silly reify   'C:\\Users\\my pc\\Desktop\\movieapp_with_tailwindcss\\node_modules\\@next\\swc-darwin-x64'
66 silly reify ]
67 verbose reify failed optional dependency C:\Users\my pc\Desktop\movieapp_with_tailwindcss\node_modules\@next\swc-darwin-arm64
68 silly reify mark deleted [
68 silly reify   'C:\\Users\\my pc\\Desktop\\movieapp_with_tailwindcss\\node_modules\\@next\\swc-darwin-arm64'
68 silly reify ]
69 verbose reify failed optional dependency C:\Users\my pc\Desktop\movieapp_with_tailwindcss\node_modules\@next\swc-android-arm64
70 silly reify mark deleted [
70 silly reify   'C:\\Users\\my pc\\Desktop\\movieapp_with_tailwindcss\\node_modules\\@next\\swc-android-arm64'
70 silly reify ]
71 timing reifyNode:node_modules/fsevents Completed in 16ms
72 timing reifyNode:node_modules/@next/swc-win32-ia32-msvc Completed in 16ms
73 timing reifyNode:node_modules/@next/swc-win32-arm64-msvc Completed in 15ms
74 timing reifyNode:node_modules/@next/swc-linux-x64-musl Completed in 15ms
75 timing reifyNode:node_modules/@next/swc-linux-x64-gnu Completed in 15ms
76 timing reifyNode:node_modules/@next/swc-linux-arm64-musl Completed in 15ms
77 timing reifyNode:node_modules/@next/swc-linux-arm64-gnu Completed in 14ms
78 timing reifyNode:node_modules/@next/swc-linux-arm-gnueabihf Completed in 15ms
79 timing reifyNode:node_modules/@next/swc-darwin-x64 Completed in 15ms
80 timing reifyNode:node_modules/@next/swc-darwin-arm64 Completed in 15ms
81 timing reifyNode:node_modules/@next/swc-android-arm64 Completed in 15ms
82 silly tarball no local data for tailwind-scrollbar-hide@https://registry.npmjs.org/tailwind-scrollbar-hide/-/tailwind-scrollbar-hide-1.1.7.tgz. Extracting by manifest.
83 http fetch GET 200 https://registry.npmjs.org/tailwind-scrollbar-hide/-/tailwind-scrollbar-hide-1.1.7.tgz 432ms (cache miss)
84 timing reifyNode:node_modules/tailwind-scrollbar-hide Completed in 683ms
85 timing reify:unpack Completed in 684ms
86 timing reify:unretire Completed in 1ms
87 timing build:queue Completed in 7ms
88 timing build:deps Completed in 8ms
89 timing build Completed in 8ms
90 timing reify:build Completed in 10ms
91 timing reify:trash Completed in 15ms
92 timing reify:save Completed in 165ms
93 http fetch POST 200 https://registry.npmjs.org/-/npm/v1/security/advisories/bulk 1408ms
94 timing auditReport:getReport Completed in 1428ms
95 silly audit report {
95 silly audit report   next: [
95 silly audit report     {
95 silly audit report       id: 1007032,
95 silly audit report       url: 'https://github.com/advisories/GHSA-fmvm-x8mv-47mj',
95 silly audit report       title: 'Improper CSP in Image Optimization API for Next.js versions between 10.0.0 and 12.1.0',
95 silly audit report       severity: 'moderate',
95 silly audit report       vulnerable_versions: '>=10.0.0 <12.1.0'
95 silly audit report     }
95 silly audit report   ]
95 silly audit report }
96 timing metavuln:cache:get:security-advisory:next:3Lb1sazrxsSPvsi35vt0roMHi0YPXfrm2SLowep5JfNAiA2hlK+AF7CMNghdQQMEYaUVNaup5VBUR/+EthYmDw== Completed in 714ms
97 http fetch GET 200 https://registry.npmjs.org/next 3596ms (cache updated)
98 timing metavuln:packument:next Completed in 3796ms
99 timing metavuln:load:security-advisory:next:1007032 Completed in 86ms
100 timing metavuln:cache:put:security-advisory:next:3Lb1sazrxsSPvsi35vt0roMHi0YPXfrm2SLowep5JfNAiA2hlK+AF7CMNghdQQMEYaUVNaup5VBUR/+EthYmDw== Completed in 73ms
101 timing metavuln:calculate:security-advisory:next:1007032 Completed in 3957ms
102 timing metavuln:cache:get:security-advisory:eslint-config-next:0CQhD4LLmJSJeFN7aXbgAN0JckqzOhlQ78OvrtD8goEbGhNbxYBZZIijUYZvKy9SIXq94TJRpiClUiQzU2S5bw== Completed in 866ms
103 http fetch GET 200 https://registry.npmjs.org/eslint-config-next 1047ms (cache updated)
104 timing metavuln:packument:eslint-config-next Completed in 1058ms
105 timing metavuln:load:security-advisory:eslint-config-next:3Lb1sazrxsSPvsi35vt0roMHi0YPXfrm2SLowep5JfNAiA2hlK+AF7CMNghdQQMEYaUVNaup5VBUR/+EthYmDw== Completed in 85ms
106 timing metavuln:cache:put:security-advisory:eslint-config-next:0CQhD4LLmJSJeFN7aXbgAN0JckqzOhlQ78OvrtD8goEbGhNbxYBZZIijUYZvKy9SIXq94TJRpiClUiQzU2S5bw== Completed in 93ms
107 timing metavuln:calculate:security-advisory:eslint-config-next:3Lb1sazrxsSPvsi35vt0roMHi0YPXfrm2SLowep5JfNAiA2hlK+AF7CMNghdQQMEYaUVNaup5VBUR/+EthYmDw== Completed in 1238ms
108 timing auditReport:init Completed in 5196ms
109 timing reify:audit Completed in 6627ms
110 timing reify Completed in 10253ms
111 silly ADD node_modules/tailwind-scrollbar-hide
112 silly ADD
113 silly ADD
114 silly ADD
115 silly ADD
116 silly ADD
117 silly ADD
118 silly ADD
119 silly ADD
120 silly ADD
121 silly ADD
122 silly ADD
123 timing command:install Completed in 10331ms
124 verbose exit 0
125 timing npm Completed in 17693ms
126 info ok
