0 verbose cli [
0 verbose cli   'C:\\Program Files\\nodejs\\node.exe',
0 verbose cli   'C:\\Users\\my pc\\AppData\\Roaming\\npm\\node_modules\\npm\\bin\\npm-cli.js',
0 verbose cli   'install',
0 verbose cli   '--save-dev',
0 verbose cli   '@types/',
0 verbose cli   'tailwind-scrollbar-hide'
0 verbose cli ]
1 info using npm@8.4.0
2 info using node@v16.13.1
3 timing npm:load:whichnode Completed in 1ms
4 timing config:load:defaults Completed in 6ms
5 timing config:load:file:C:\Users\my pc\AppData\Roaming\npm\node_modules\npm\npmrc Completed in 6ms
6 timing config:load:builtin Completed in 7ms
7 timing config:load:cli Completed in 7ms
8 timing config:load:env Completed in 2ms
9 timing config:load:file:C:\Users\my pc\Desktop\movieapp_with_tailwindcss\.npmrc Completed in 0ms
10 timing config:load:project Completed in 4ms
11 timing config:load:file:C:\Users\my pc\.npmrc Completed in 2ms
12 timing config:load:user Completed in 3ms
13 timing config:load:file:C:\Users\my pc\AppData\Roaming\npm\etc\npmrc Completed in 0ms
14 timing config:load:global Completed in 1ms
15 timing config:load:validate Completed in 0ms
16 timing config:load:credentials Completed in 2ms
17 timing config:load:setEnvs Completed in 3ms
18 timing config:load Completed in 37ms
19 timing npm:load:configload Completed in 37ms
20 timing npm:load:setTitle Completed in 1ms
21 timing config:load:flatten Completed in 8ms
22 timing npm:load:display Completed in 12ms
23 verbose logfile C:\Users\my pc\Desktop\movieapp_with_tailwindcss\_logs\2022-02-25T10_54_29_717Z-debug-0.log
24 timing npm:load:logFile Completed in 22ms
25 timing npm:load:timers Completed in 0ms
26 timing npm:load:configScope Completed in 0ms
27 timing npm:load Completed in 75ms
28 timing arborist:ctor Completed in 1ms
29 silly logfile start cleaning logs, removing 1 files
30 timing idealTree:init Completed in 601ms
31 timing idealTree Completed in 607ms
32 timing command:install Completed in 651ms
33 verbose stack Error: ENOENT: no such file or directory, open 'C:\Users\my pc\Desktop\movieapp_with_tailwindcss\@types\package.json'
34 verbose cwd C:\Users\my pc\Desktop\movieapp_with_tailwindcss
35 verbose Windows_NT 10.0.18363
36 verbose argv "C:\\Program Files\\nodejs\\node.exe" "C:\\Users\\my pc\\AppData\\Roaming\\npm\\node_modules\\npm\\bin\\npm-cli.js" "install" "--save-dev" "@types/" "tailwind-scrollbar-hide"
37 verbose node v16.13.1
38 verbose npm  v8.4.0
39 error code ENOENT
40 error syscall open
41 error path C:\Users\my pc\Desktop\movieapp_with_tailwindcss\@types/package.json
42 error errno -4058
43 error enoent ENOENT: no such file or directory, open 'C:\Users\my pc\Desktop\movieapp_with_tailwindcss\@types\package.json'
44 error enoent This is related to npm not being able to find a file.
44 error enoent
45 verbose exit -4058
46 timing npm Completed in 7266ms
47 verbose unfinished npm timer reify 1645786476319
48 verbose unfinished npm timer reify:loadTrees 1645786476358
49 verbose unfinished npm timer idealTree:userRequests 1645786476960
50 verbose code -4058
51 error A complete log of this run can be found in:
51 error     C:\Users\my pc\Desktop\movieapp_with_tailwindcss\_logs\2022-02-25T10_54_29_717Z-debug-0.log
